app/build/intermediates/manifest_merge_blame_file/debug/manifest-merger-blame-debug-report.txt
1<?xml version="1.0" encoding="utf-8"?>
2<manifest xmlns:android="http://schemas.android.com/apk/res/android"
3    package="com.example.tripisss"
4    android:versionCode="1"
5    android:versionName="1.0" >
6
7    <uses-sdk
8        android:minSdkVersion="21"
8-->src\main\AndroidManifest.xml
9        android:targetSdkVersion="32" />
9-->src\main\AndroidManifest.xml
10
11    <uses-permission android:name="android.permission.ACCESS_COARSE_LOCATION" />
11-->src\main\AndroidManifest.xml:6:5-81
11-->src\main\AndroidManifest.xml:6:22-78
12    <uses-permission android:name="android.permission.ACCESS_FINE_LOCATION" />
12-->src\main\AndroidManifest.xml:7:5-79
12-->src\main\AndroidManifest.xml:7:22-76
13
14    <!-- Although the *SdkVersion is captured in gradle build files, this is required for non gradle builds -->
15    <!-- <uses-sdk android:minSdkVersion="14"/> -->
16    <uses-permission android:name="android.permission.ACCESS_NETWORK_STATE" />
16-->[com.google.firebase:firebase-database:20.0.5] AndroidManifest.xml:25:5-79
16-->[com.google.firebase:firebase-database:20.0.5] AndroidManifest.xml:25:22-76
17    <uses-permission android:name="android.permission.INTERNET" />
17-->[com.google.firebase:firebase-database:20.0.5] AndroidManifest.xml:26:5-67
17-->[com.google.firebase:firebase-database:20.0.5] AndroidManifest.xml:26:22-64
18
19    <uses-feature
19-->[com.google.android.gms:play-services-maps:18.0.2] AndroidManifest.xml:26:5-28:35
20        android:glEsVersion="0x00020000"
20-->[com.google.android.gms:play-services-maps:18.0.2] AndroidManifest.xml:27:9-41
21        android:required="true" />
21-->[com.google.android.gms:play-services-maps:18.0.2] AndroidManifest.xml:28:9-32
22
23    <queries>
23-->[com.google.android.gms:play-services-maps:18.0.2] AndroidManifest.xml:30:5-34:15
24
25        <!-- Needs to be explicitly declared on Android R+ -->
26        <package android:name="com.google.android.apps.maps" />
26-->[com.google.android.gms:play-services-maps:18.0.2] AndroidManifest.xml:33:9-64
26-->[com.google.android.gms:play-services-maps:18.0.2] AndroidManifest.xml:33:18-61
27    </queries>
28
29    <application
29-->src\main\AndroidManifest.xml:9:5-79:19
30        android:allowBackup="true"
30-->src\main\AndroidManifest.xml:10:9-35
31        android:appComponentFactory="androidx.core.app.CoreComponentFactory"
31-->[androidx.core:core:1.7.0] AndroidManifest.xml:24:18-86
32        android:dataExtractionRules="@xml/data_extraction_rules"
32-->src\main\AndroidManifest.xml:11:9-65
33        android:debuggable="true"
34        android:fullBackupContent="@xml/backup_rules"
34-->src\main\AndroidManifest.xml:12:9-54
35        android:icon="@mipmap/ic_launcher"
35-->src\main\AndroidManifest.xml:13:9-43
36        android:label="@string/app_name"
36-->src\main\AndroidManifest.xml:14:9-41
37        android:roundIcon="@mipmap/ic_launcher_round"
37-->src\main\AndroidManifest.xml:15:9-54
38        android:supportsRtl="true"
38-->src\main\AndroidManifest.xml:16:9-35
39        android:testOnly="true"
40        android:theme="@style/Theme.Tripisss" >
40-->src\main\AndroidManifest.xml:17:9-46
41
42        <!--
43             TODO: Before you run your application, you need a Google Maps API key.
44
45             To get one, follow the directions here:
46
47                https://developers.google.com/maps/documentation/android-sdk/get-api-key
48
49             Once you have your API key (it starts with "AIza"), define a new property in your
50             project's local.properties file (e.g. MAPS_API_KEY=Aiza...), and replace the
51             "YOUR_API_KEY" string in this file with "${MAPS_API_KEY}".
52        -->
53        <meta-data
54            android:name="com.google.android.geo.API_KEY"
54-->src\main\AndroidManifest.xml:32:13-58
55            android:value="AIzaSyBUVWlD7_YUC0PevPC8rk3A_xAebnaMcOI" />
55-->src\main\AndroidManifest.xml:33:13-44
56
57        <activity
57-->src\main\AndroidManifest.xml:35:9-38:59
58            android:name="com.example.tripisss.MapsActivity"
58-->src\main\AndroidManifest.xml:36:13-41
59            android:exported="false"
59-->src\main\AndroidManifest.xml:37:13-37
60            android:label="@string/title_activity_maps" />
60-->src\main\AndroidManifest.xml:38:13-56
61        <activity
61-->src\main\AndroidManifest.xml:39:9-41:40
62            android:name="com.example.tripisss.GroupList"
62-->src\main\AndroidManifest.xml:40:13-38
63            android:exported="false" />
63-->src\main\AndroidManifest.xml:41:13-37
64        <activity
64-->src\main\AndroidManifest.xml:42:9-44:40
65            android:name="com.example.tripisss.Payment"
65-->src\main\AndroidManifest.xml:43:13-36
66            android:exported="false" />
66-->src\main\AndroidManifest.xml:44:13-37
67        <activity
67-->src\main\AndroidManifest.xml:45:9-47:40
68            android:name="com.example.tripisss.Expense"
68-->src\main\AndroidManifest.xml:46:13-36
69            android:exported="false" />
69-->src\main\AndroidManifest.xml:47:13-37
70        <activity
70-->src\main\AndroidManifest.xml:48:9-50:40
71            android:name="com.example.tripisss.AddUsers"
71-->src\main\AndroidManifest.xml:49:13-37
72            android:exported="false" />
72-->src\main\AndroidManifest.xml:50:13-37
73        <activity
73-->src\main\AndroidManifest.xml:51:9-53:40
74            android:name="com.example.tripisss.New_Trip"
74-->src\main\AndroidManifest.xml:52:13-37
75            android:exported="false" />
75-->src\main\AndroidManifest.xml:53:13-37
76        <activity
76-->src\main\AndroidManifest.xml:54:9-56:40
77            android:name="com.example.tripisss.Login"
77-->src\main\AndroidManifest.xml:55:13-34
78            android:exported="false" />
78-->src\main\AndroidManifest.xml:56:13-37
79        <activity
79-->src\main\AndroidManifest.xml:57:9-65:20
80            android:name="com.example.tripisss.Register"
80-->src\main\AndroidManifest.xml:58:13-37
81            android:exported="true" >
81-->src\main\AndroidManifest.xml:59:13-36
82            <intent-filter>
82-->src\main\AndroidManifest.xml:60:13-64:29
83                <action android:name="android.intent.action.MAIN" />
83-->src\main\AndroidManifest.xml:61:17-69
83-->src\main\AndroidManifest.xml:61:25-66
84
85                <category android:name="android.intent.category.LAUNCHER" />
85-->src\main\AndroidManifest.xml:63:17-77
85-->src\main\AndroidManifest.xml:63:27-74
86            </intent-filter>
87        </activity>
88        <activity
88-->src\main\AndroidManifest.xml:66:9-74:20
89            android:name="com.example.tripisss.MainActivity"
89-->src\main\AndroidManifest.xml:67:13-41
90            android:exported="true" >
90-->src\main\AndroidManifest.xml:68:13-36
91            <intent-filter>
91-->src\main\AndroidManifest.xml:60:13-64:29
92                <action android:name="android.intent.action.MAIN" />
92-->src\main\AndroidManifest.xml:61:17-69
92-->src\main\AndroidManifest.xml:61:25-66
93
94                <category android:name="android.intent.category.LAUNCHER" />
94-->src\main\AndroidManifest.xml:63:17-77
94-->src\main\AndroidManifest.xml:63:27-74
95            </intent-filter>
96        </activity>
97
98        <meta-data
98-->src\main\AndroidManifest.xml:76:9-78:57
99            android:name="preloaded_fonts"
99-->src\main\AndroidManifest.xml:77:13-43
100            android:resource="@array/preloaded_fonts" />
100-->src\main\AndroidManifest.xml:78:13-54
101
102        <service
102-->[com.google.firebase:firebase-database:20.0.5] AndroidManifest.xml:29:9-35:19
103            android:name="com.google.firebase.components.ComponentDiscoveryService"
103-->[com.google.firebase:firebase-database:20.0.5] AndroidManifest.xml:30:13-84
104            android:directBootAware="true"
104-->[com.google.firebase:firebase-common:20.1.1] AndroidManifest.xml:35:13-43
105            android:exported="false" >
105-->[com.google.firebase:firebase-database:20.0.5] AndroidManifest.xml:31:13-37
106            <meta-data
106-->[com.google.firebase:firebase-database:20.0.5] AndroidManifest.xml:32:13-34:85
107                android:name="com.google.firebase.components:com.google.firebase.database.DatabaseRegistrar"
107-->[com.google.firebase:firebase-database:20.0.5] AndroidManifest.xml:33:17-109
108                android:value="com.google.firebase.components.ComponentRegistrar" />
108-->[com.google.firebase:firebase-database:20.0.5] AndroidManifest.xml:34:17-82
109            <meta-data
109-->[com.google.firebase:firebase-auth:21.0.6] AndroidManifest.xml:67:13-69:85
110                android:name="com.google.firebase.components:com.google.firebase.auth.FirebaseAuthRegistrar"
110-->[com.google.firebase:firebase-auth:21.0.6] AndroidManifest.xml:68:17-109
111                android:value="com.google.firebase.components.ComponentRegistrar" />
111-->[com.google.firebase:firebase-auth:21.0.6] AndroidManifest.xml:69:17-82
112        </service>
113
114        <activity
114-->[com.google.firebase:firebase-auth:21.0.6] AndroidManifest.xml:27:9-44:20
115            android:name="com.google.firebase.auth.internal.GenericIdpActivity"
115-->[com.google.firebase:firebase-auth:21.0.6] AndroidManifest.xml:28:13-80
116            android:excludeFromRecents="true"
116-->[com.google.firebase:firebase-auth:21.0.6] AndroidManifest.xml:29:13-46
117            android:exported="true"
117-->[com.google.firebase:firebase-auth:21.0.6] AndroidManifest.xml:30:13-36
118            android:launchMode="singleTask"
118-->[com.google.firebase:firebase-auth:21.0.6] AndroidManifest.xml:31:13-44
119            android:theme="@android:style/Theme.Translucent.NoTitleBar" >
119-->[com.google.firebase:firebase-auth:21.0.6] AndroidManifest.xml:32:13-72
120            <intent-filter>
120-->[com.google.firebase:firebase-auth:21.0.6] AndroidManifest.xml:33:13-43:29
121                <action android:name="android.intent.action.VIEW" />
121-->[com.google.firebase:firebase-auth:21.0.6] AndroidManifest.xml:34:17-69
121-->[com.google.firebase:firebase-auth:21.0.6] AndroidManifest.xml:34:25-66
122
123                <category android:name="android.intent.category.DEFAULT" />
123-->[com.google.firebase:firebase-auth:21.0.6] AndroidManifest.xml:36:17-76
123-->[com.google.firebase:firebase-auth:21.0.6] AndroidManifest.xml:36:27-73
124                <category android:name="android.intent.category.BROWSABLE" />
124-->[com.google.firebase:firebase-auth:21.0.6] AndroidManifest.xml:37:17-78
124-->[com.google.firebase:firebase-auth:21.0.6] AndroidManifest.xml:37:27-75
125
126                <data
126-->[com.google.firebase:firebase-auth:21.0.6] AndroidManifest.xml:39:17-42:51
127                    android:host="firebase.auth"
127-->[com.google.firebase:firebase-auth:21.0.6] AndroidManifest.xml:40:21-49
128                    android:path="/"
128-->[com.google.firebase:firebase-auth:21.0.6] AndroidManifest.xml:41:21-37
129                    android:scheme="genericidp" />
129-->[com.google.firebase:firebase-auth:21.0.6] AndroidManifest.xml:42:21-48
130            </intent-filter>
131        </activity>
132        <activity
132-->[com.google.firebase:firebase-auth:21.0.6] AndroidManifest.xml:45:9-62:20
133            android:name="com.google.firebase.auth.internal.RecaptchaActivity"
133-->[com.google.firebase:firebase-auth:21.0.6] AndroidManifest.xml:46:13-79
134            android:excludeFromRecents="true"
134-->[com.google.firebase:firebase-auth:21.0.6] AndroidManifest.xml:47:13-46
135            android:exported="true"
135-->[com.google.firebase:firebase-auth:21.0.6] AndroidManifest.xml:48:13-36
136            android:launchMode="singleTask"
136-->[com.google.firebase:firebase-auth:21.0.6] AndroidManifest.xml:49:13-44
137            android:theme="@android:style/Theme.Translucent.NoTitleBar" >
137-->[com.google.firebase:firebase-auth:21.0.6] AndroidManifest.xml:50:13-72
138            <intent-filter>
138-->[com.google.firebase:firebase-auth:21.0.6] AndroidManifest.xml:51:13-61:29
139                <action android:name="android.intent.action.VIEW" />
139-->[com.google.firebase:firebase-auth:21.0.6] AndroidManifest.xml:34:17-69
139-->[com.google.firebase:firebase-auth:21.0.6] AndroidManifest.xml:34:25-66
140
141                <category android:name="android.intent.category.DEFAULT" />
141-->[com.google.firebase:firebase-auth:21.0.6] AndroidManifest.xml:36:17-76
141-->[com.google.firebase:firebase-auth:21.0.6] AndroidManifest.xml:36:27-73
142                <category android:name="android.intent.category.BROWSABLE" />
142-->[com.google.firebase:firebase-auth:21.0.6] AndroidManifest.xml:37:17-78
142-->[com.google.firebase:firebase-auth:21.0.6] AndroidManifest.xml:37:27-75
143
144                <data
144-->[com.google.firebase:firebase-auth:21.0.6] AndroidManifest.xml:39:17-42:51
145                    android:host="firebase.auth"
145-->[com.google.firebase:firebase-auth:21.0.6] AndroidManifest.xml:40:21-49
146                    android:path="/"
146-->[com.google.firebase:firebase-auth:21.0.6] AndroidManifest.xml:41:21-37
147                    android:scheme="recaptcha" />
147-->[com.google.firebase:firebase-auth:21.0.6] AndroidManifest.xml:42:21-48
148            </intent-filter>
149        </activity> <!-- Needs to be explicitly declared on P+ -->
150        <uses-library
150-->[com.google.android.gms:play-services-maps:18.0.2] AndroidManifest.xml:39:9-41:40
151            android:name="org.apache.http.legacy"
151-->[com.google.android.gms:play-services-maps:18.0.2] AndroidManifest.xml:40:13-50
152            android:required="false" />
152-->[com.google.android.gms:play-services-maps:18.0.2] AndroidManifest.xml:41:13-37
153
154        <activity
154-->[com.google.android.gms:play-services-base:18.0.1] AndroidManifest.xml:20:9-22:45
155            android:name="com.google.android.gms.common.api.GoogleApiActivity"
155-->[com.google.android.gms:play-services-base:18.0.1] AndroidManifest.xml:20:19-85
156            android:exported="false"
156-->[com.google.android.gms:play-services-base:18.0.1] AndroidManifest.xml:22:19-43
157            android:theme="@android:style/Theme.Translucent.NoTitleBar" />
157-->[com.google.android.gms:play-services-base:18.0.1] AndroidManifest.xml:21:19-78
158
159        <provider
159-->[com.google.firebase:firebase-common:20.1.1] AndroidManifest.xml:26:9-31:39
160            android:name="com.google.firebase.provider.FirebaseInitProvider"
160-->[com.google.firebase:firebase-common:20.1.1] AndroidManifest.xml:27:13-77
161            android:authorities="com.example.tripisss.firebaseinitprovider"
161-->[com.google.firebase:firebase-common:20.1.1] AndroidManifest.xml:28:13-72
162            android:directBootAware="true"
162-->[com.google.firebase:firebase-common:20.1.1] AndroidManifest.xml:29:13-43
163            android:exported="false"
163-->[com.google.firebase:firebase-common:20.1.1] AndroidManifest.xml:30:13-37
164            android:initOrder="100" />
164-->[com.google.firebase:firebase-common:20.1.1] AndroidManifest.xml:31:13-36
165
166        <meta-data
166-->[com.google.android.gms:play-services-basement:18.0.0] AndroidManifest.xml:21:9-23:69
167            android:name="com.google.android.gms.version"
167-->[com.google.android.gms:play-services-basement:18.0.0] AndroidManifest.xml:22:13-58
168            android:value="@integer/google_play_services_version" />
168-->[com.google.android.gms:play-services-basement:18.0.0] AndroidManifest.xml:23:13-66
169
170        <provider
170-->[androidx.emoji2:emoji2:1.0.0] AndroidManifest.xml:26:9-34:20
171            android:name="androidx.startup.InitializationProvider"
171-->[androidx.emoji2:emoji2:1.0.0] AndroidManifest.xml:27:13-67
172            android:authorities="com.example.tripisss.androidx-startup"
172-->[androidx.emoji2:emoji2:1.0.0] AndroidManifest.xml:28:13-68
173            android:exported="false" >
173-->[androidx.emoji2:emoji2:1.0.0] AndroidManifest.xml:29:13-37
174            <meta-data
174-->[androidx.emoji2:emoji2:1.0.0] AndroidManifest.xml:31:13-33:52
175                android:name="androidx.emoji2.text.EmojiCompatInitializer"
175-->[androidx.emoji2:emoji2:1.0.0] AndroidManifest.xml:32:17-75
176                android:value="androidx.startup" />
176-->[androidx.emoji2:emoji2:1.0.0] AndroidManifest.xml:33:17-49
177            <meta-data
177-->[androidx.lifecycle:lifecycle-process:2.4.0] AndroidManifest.xml:31:13-33:52
178                android:name="androidx.lifecycle.ProcessLifecycleInitializer"
178-->[androidx.lifecycle:lifecycle-process:2.4.0] AndroidManifest.xml:32:17-78
179                android:value="androidx.startup" />
179-->[androidx.lifecycle:lifecycle-process:2.4.0] AndroidManifest.xml:33:17-49
180        </provider>
181    </application>
182
183</manifest>